# JRE version: OpenJDK Runtime Environment Temurin-21.0.12.1+1 (21.0.12.1+1) (build 21.0.12.1+1-LTS)
# Java VM: OpenJDK 64-Bit Server VM Temurin-21.0.12.1+1 (21.0.12.1+1-LTS, mixed mode, sharing, tiered, compressed oops, compressed class ptrs, parallel gc, windows-amd64)
GC Precious Log:
 CardTable entry size: 512
 CPUs: 8 total, 8 available
 Memory: 11992M
 Large Page Support: Disabled
 NUMA Support: Disabled
 Compressed Oops: Enabled (32-bit)
 Alignments: Space 512K, Generation 512K, Heap 2M
 Heap Min Capacity: 100M
 Heap Initial Capacity: 100M
 Heap Max Capacity: 2G
 Pre-touch: Disabled
 Parallel Workers: 8
Heap:
 PSYoungGen      total 14336K, used 11460K [0x00000000d5580000, 0x00000000d6580000, 0x0000000100000000)
  eden space 13312K, 78% used [0x00000000d5580000,0x00000000d5fb1288,0x00000000d6280000)
  from space 1024K, 100% used [0x00000000d6300000,0x00000000d6400000,0x00000000d6400000)
  to   space 1536K, 0% used [0x00000000d6400000,0x00000000d6400000,0x00000000d6580000)
 ParOldGen       total 68608K, used 57271K [0x0000000080000000, 0x0000000084300000, 0x00000000d5580000)
  object space 68608K, 83% used [0x0000000080000000,0x00000000837edd10,0x0000000084300000)
 Metaspace       used 78425K, committed 80064K, reserved 1179648K
  class space    used 8371K, committed 9088K, reserved 1048576K
GC Heap History (20 events):
Event: 102.073 GC heap before
{Heap before GC invocations=43 (full 3):
 PSYoungGen      total 18944K, used 18944K [0x00000000d5580000, 0x00000000d6b00000, 0x0000000100000000)
  eden space 17920K, 100% used [0x00000000d5580000,0x00000000d6700000,0x00000000d6700000)
  from space 1024K, 100% used [0x00000000d6700000,0x00000000d6800000,0x00000000d6800000)
  to   space 2048K, 0% used [0x00000000d6900000,0x00000000d6900000,0x00000000d6b00000)
 ParOldGen       total 68608K, used 45896K [0x0000000080000000, 0x0000000084300000, 0x00000000d5580000)
  object space 68608K, 66% used [0x0000000080000000,0x0000000082cd2020,0x0000000084300000)
 Metaspace       used 71294K, committed 72704K, reserved 1114112K
  class space    used 7573K, committed 8256K, reserved 1048576K
}
Event: 102.075 GC heap after
{Heap after GC invocations=43 (full 3):
 PSYoungGen      total 19968K, used 1504K [0x00000000d5580000, 0x00000000d6b00000, 0x0000000100000000)
  eden space 17920K, 0% used [0x00000000d5580000,0x00000000d5580000,0x00000000d6700000)
  from space 2048K, 73% used [0x00000000d6900000,0x00000000d6a78020,0x00000000d6b00000)
  to   space 2048K, 0% used [0x00000000d6700000,0x00000000d6700000,0x00000000d6900000)
 ParOldGen       total 68608K, used 46888K [0x0000000080000000, 0x0000000084300000, 0x00000000d5580000)
  object space 68608K, 68% used [0x0000000080000000,0x0000000082dca2a0,0x0000000084300000)
 Metaspace       used 71294K, committed 72704K, reserved 1114112K
  class space    used 7573K, committed 8256K, reserved 1048576K
}
Event: 233.165 GC heap before
{Heap before GC invocations=44 (full 3):
 PSYoungGen      total 19968K, used 19424K [0x00000000d5580000, 0x00000000d6b00000, 0x0000000100000000)
  eden space 17920K, 100% used [0x00000000d5580000,0x00000000d6700000,0x00000000d6700000)
  from space 2048K, 73% used [0x00000000d6900000,0x00000000d6a78020,0x00000000d6b00000)
  to   space 2048K, 0% used [0x00000000d6700000,0x00000000d6700000,0x00000000d6900000)
 ParOldGen       total 68608K, used 46888K [0x0000000080000000, 0x0000000084300000, 0x00000000d5580000)
  object space 68608K, 68% used [0x0000000080000000,0x0000000082dca2a0,0x0000000084300000)
 Metaspace       used 72178K, committed 73600K, reserved 1179648K
  class space    used 7684K, committed 8320K, reserved 1048576K
}
Event: 233.166 GC heap after
{Heap after GC invocations=44 (full 3):
 PSYoungGen      total 18944K, used 1004K [0x00000000d5580000, 0x00000000d6a00000, 0x0000000100000000)
  eden space 17920K, 0% used [0x00000000d5580000,0x00000000d5580000,0x00000000d6700000)
  from space 1024K, 98% used [0x00000000d6700000,0x00000000d67fb340,0x00000000d6800000)
  to   space 1536K, 0% used [0x00000000d6880000,0x00000000d6880000,0x00000000d6a00000)
 ParOldGen       total 68608K, used 48233K [0x0000000080000000, 0x0000000084300000, 0x00000000d5580000)
  object space 68608K, 70% used [0x0000000080000000,0x0000000082f1a760,0x0000000084300000)
 Metaspace       used 72178K, committed 73600K, reserved 1179648K
  class space    used 7684K, committed 8320K, reserved 1048576K
}
Event: 234.925 GC heap before
{Heap before GC invocations=45 (full 3):
 PSYoungGen      total 18944K, used 18924K [0x00000000d5580000, 0x00000000d6a00000, 0x0000000100000000)
  eden space 17920K, 100% used [0x00000000d5580000,0x00000000d6700000,0x00000000d6700000)
  from space 1024K, 98% used [0x00000000d6700000,0x00000000d67fb340,0x00000000d6800000)
  to   space 1536K, 0% used [0x00000000d6880000,0x00000000d6880000,0x00000000d6a00000)
 ParOldGen       total 68608K, used 48233K [0x0000000080000000, 0x0000000084300000, 0x00000000d5580000)
  object space 68608K, 70% used [0x0000000080000000,0x0000000082f1a760,0x0000000084300000)
 Metaspace       used 73773K, committed 75264K, reserved 1179648K
  class space    used 7875K, committed 8512K, reserved 1048576K
}
Event: 234.926 GC heap after
{Heap after GC invocations=45 (full 3):
 PSYoungGen      total 17920K, used 1520K [0x00000000d5580000, 0x00000000d6d00000, 0x0000000100000000)
  eden space 16384K, 0% used [0x00000000d5580000,0x00000000d5580000,0x00000000d6580000)
  from space 1536K, 98% used [0x00000000d6880000,0x00000000d69fc0c8,0x00000000d6a00000)
  to   space 3072K, 0% used [0x00000000d6580000,0x00000000d6580000,0x00000000d6880000)
 ParOldGen       total 68608K, used 49139K [0x0000000080000000, 0x0000000084300000, 0x00000000d5580000)
  object space 68608K, 71% used [0x0000000080000000,0x0000000082ffcef0,0x0000000084300000)
 Metaspace       used 73773K, committed 75264K, reserved 1179648K
  class space    used 7875K, committed 8512K, reserved 1048576K
}
Event: 235.240 GC heap before
{Heap before GC invocations=46 (full 3):
 PSYoungGen      total 17920K, used 17904K [0x00000000d5580000, 0x00000000d6d00000, 0x0000000100000000)
  eden space 16384K, 100% used [0x00000000d5580000,0x00000000d6580000,0x00000000d6580000)
  from space 1536K, 98% used [0x00000000d6880000,0x00000000d69fc0c8,0x00000000d6a00000)
  to   space 3072K, 0% used [0x00000000d6580000,0x00000000d6580000,0x00000000d6880000)
 ParOldGen       total 68608K, used 49139K [0x0000000080000000, 0x0000000084300000, 0x00000000d5580000)
  object space 68608K, 71% used [0x0000000080000000,0x0000000082ffcef0,0x0000000084300000)
 Metaspace       used 76540K, committed 78208K, reserved 1179648K
  class space    used 8238K, committed 8960K, reserved 1048576K
}
Event: 235.241 GC heap after
{Heap after GC invocations=46 (full 3):
 PSYoungGen      total 17920K, used 1247K [0x00000000d5580000, 0x00000000d6980000, 0x0000000100000000)
  eden space 16384K, 0% used [0x00000000d5580000,0x00000000d5580000,0x00000000d6580000)
  from space 1536K, 81% used [0x00000000d6580000,0x00000000d66b7ce8,0x00000000d6700000)
  to   space 2048K, 0% used [0x00000000d6780000,0x00000000d6780000,0x00000000d6980000)
 ParOldGen       total 68608K, used 50399K [0x0000000080000000, 0x0000000084300000, 0x00000000d5580000)
  object space 68608K, 73% used [0x0000000080000000,0x0000000083137cf8,0x0000000084300000)
 Metaspace       used 76540K, committed 78208K, reserved 1179648K
  class space    used 8238K, committed 8960K, reserved 1048576K
}
Event: 287.419 GC heap before
{Heap before GC invocations=47 (full 3):
 PSYoungGen      total 17920K, used 17597K [0x00000000d5580000, 0x00000000d6980000, 0x0000000100000000)
  eden space 16384K, 99% used [0x00000000d5580000,0x00000000d6577ae0,0x00000000d6580000)
  from space 1536K, 81% used [0x00000000d6580000,0x00000000d66b7ce8,0x00000000d6700000)
  to   space 2048K, 0% used [0x00000000d6780000,0x00000000d6780000,0x00000000d6980000)
 ParOldGen       total 68608K, used 50399K [0x0000000080000000, 0x0000000084300000, 0x00000000d5580000)
  object space 68608K, 73% used [0x0000000080000000,0x0000000083137cf8,0x0000000084300000)
 Metaspace       used 77146K, committed 78784K, reserved 1179648K
  class space    used 8316K, committed 9088K, reserved 1048576K
}
Event: 287.423 GC heap after
{Heap after GC invocations=47 (full 3):
 PSYoungGen      total 15360K, used 2031K [0x00000000d5580000, 0x00000000d6f80000, 0x0000000100000000)
  eden space 13312K, 0% used [0x00000000d5580000,0x00000000d5580000,0x00000000d6280000)
  from space 2048K, 99% used [0x00000000d6780000,0x00000000d697bff0,0x00000000d6980000)
  to   space 5120K, 0% used [0x00000000d6280000,0x00000000d6280000,0x00000000d6780000)
 ParOldGen       total 68608K, used 52911K [0x0000000080000000, 0x0000000084300000, 0x00000000d5580000)
  object space 68608K, 77% used [0x0000000080000000,0x00000000833abe78,0x0000000084300000)
 Metaspace       used 77146K, committed 78784K, reserved 1179648K
  class space    used 8316K, committed 9088K, reserved 1048576K
}
Event: 289.573 GC heap before
{Heap before GC invocations=48 (full 3):
 PSYoungGen      total 15360K, used 15343K [0x00000000d5580000, 0x00000000d6f80000, 0x0000000100000000)
  eden space 13312K, 100% used [0x00000000d5580000,0x00000000d6280000,0x00000000d6280000)
  from space 2048K, 99% used [0x00000000d6780000,0x00000000d697bff0,0x00000000d6980000)
  to   space 5120K, 0% used [0x00000000d6280000,0x00000000d6280000,0x00000000d6780000)
 ParOldGen       total 68608K, used 52911K [0x0000000080000000, 0x0000000084300000, 0x00000000d5580000)
  object space 68608K, 77% used [0x0000000080000000,0x00000000833abe78,0x0000000084300000)
 Metaspace       used 77519K, committed 79168K, reserved 1179648K
  class space    used 8334K, committed 9088K, reserved 1048576K
}
Event: 289.575 GC heap after
{Heap after GC invocations=48 (full 3):
 PSYoungGen      total 14848K, used 1328K [0x00000000d5580000, 0x00000000d6800000, 0x0000000100000000)
  eden space 13312K, 0% used [0x00000000d5580000,0x00000000d5580000,0x00000000d6280000)
  from space 1536K, 86% used [0x00000000d6280000,0x00000000d63cc050,0x00000000d6400000)
  to   space 2560K, 0% used [0x00000000d6580000,0x00000000d6580000,0x00000000d6800000)
 ParOldGen       total 68608K, used 54316K [0x0000000080000000, 0x0000000084300000, 0x00000000d5580000)
  object space 68608K, 79% used [0x0000000080000000,0x000000008350b1c0,0x0000000084300000)
 Metaspace       used 77519K, committed 79168K, reserved 1179648K
  class space    used 8334K, committed 9088K, reserved 1048576K
}
Event: 293.968 GC heap before
{Heap before GC invocations=49 (full 3):
 PSYoungGen      total 14848K, used 14640K [0x00000000d5580000, 0x00000000d6800000, 0x0000000100000000)
  eden space 13312K, 100% used [0x00000000d5580000,0x00000000d6280000,0x00000000d6280000)
  from space 1536K, 86% used [0x00000000d6280000,0x00000000d63cc050,0x00000000d6400000)
  to   space 2560K, 0% used [0x00000000d6580000,0x00000000d6580000,0x00000000d6800000)
 ParOldGen       total 68608K, used 54316K [0x0000000080000000, 0x0000000084300000, 0x00000000d5580000)
  object space 68608K, 79% used [0x0000000080000000,0x000000008350b1c0,0x0000000084300000)
 Metaspace       used 77697K, committed 79360K, reserved 1179648K
  class space    used 8334K, committed 9088K, reserved 1048576K
}
Event: 293.970 GC heap after
{Heap after GC invocations=49 (full 3):
 PSYoungGen      total 15872K, used 2080K [0x00000000d5580000, 0x00000000d6800000, 0x0000000100000000)
  eden space 13312K, 0% used [0x00000000d5580000,0x00000000d5580000,0x00000000d6280000)
  from space 2560K, 81% used [0x00000000d6580000,0x00000000d6788040,0x00000000d6800000)
  to   space 2560K, 0% used [0x00000000d6300000,0x00000000d6300000,0x00000000d6580000)
 ParOldGen       total 68608K, used 55127K [0x0000000080000000, 0x0000000084300000, 0x00000000d5580000)
  object space 68608K, 80% used [0x0000000080000000,0x00000000835d5e78,0x0000000084300000)
 Metaspace       used 77697K, committed 79360K, reserved 1179648K
  class space    used 8334K, committed 9088K, reserved 1048576K
}
Event: 297.152 GC heap before
{Heap before GC invocations=50 (full 3):
 PSYoungGen      total 15872K, used 15353K [0x00000000d5580000, 0x00000000d6800000, 0x0000000100000000)
  eden space 13312K, 99% used [0x00000000d5580000,0x00000000d62765f8,0x00000000d6280000)
  from space 2560K, 81% used [0x00000000d6580000,0x00000000d6788040,0x00000000d6800000)
  to   space 2560K, 0% used [0x00000000d6300000,0x00000000d6300000,0x00000000d6580000)
 ParOldGen       total 68608K, used 55127K [0x0000000080000000, 0x0000000084300000, 0x00000000d5580000)
  object space 68608K, 80% used [0x0000000080000000,0x00000000835d5e78,0x0000000084300000)
 Metaspace       used 77858K, committed 79488K, reserved 1179648K
  class space    used 8346K, committed 9088K, reserved 1048576K
}
Event: 297.154 GC heap after
{Heap after GC invocations=50 (full 3):
 PSYoungGen      total 13824K, used 288K [0x00000000d5580000, 0x00000000d6600000, 0x0000000100000000)
  eden space 13312K, 0% used [0x00000000d5580000,0x00000000d5580000,0x00000000d6280000)
  from space 512K, 56% used [0x00000000d6300000,0x00000000d6348000,0x00000000d6380000)
  to   space 1024K, 0% used [0x00000000d6500000,0x00000000d6500000,0x00000000d6600000)
 ParOldGen       total 68608K, used 56647K [0x0000000080000000, 0x0000000084300000, 0x00000000d5580000)
  object space 68608K, 82% used [0x0000000080000000,0x0000000083751c08,0x0000000084300000)
 Metaspace       used 77858K, committed 79488K, reserved 1179648K
  class space    used 8346K, committed 9088K, reserved 1048576K
}
Event: 300.963 GC heap before
{Heap before GC invocations=51 (full 3):
 PSYoungGen      total 13824K, used 13600K [0x00000000d5580000, 0x00000000d6600000, 0x0000000100000000)
  eden space 13312K, 100% used [0x00000000d5580000,0x00000000d6280000,0x00000000d6280000)
  from space 512K, 56% used [0x00000000d6300000,0x00000000d6348000,0x00000000d6380000)
  to   space 1024K, 0% used [0x00000000d6500000,0x00000000d6500000,0x00000000d6600000)
 ParOldGen       total 68608K, used 56647K [0x0000000080000000, 0x0000000084300000, 0x00000000d5580000)
  object space 68608K, 82% used [0x0000000080000000,0x0000000083751c08,0x0000000084300000)
 Metaspace       used 77907K, committed 79552K, reserved 1179648K
  class space    used 8351K, committed 9088K, reserved 1048576K
}
Event: 300.964 GC heap after
{Heap after GC invocations=51 (full 3):
 PSYoungGen      total 14336K, used 1008K [0x00000000d5580000, 0x00000000d6600000, 0x0000000100000000)
  eden space 13312K, 0% used [0x00000000d5580000,0x00000000d5580000,0x00000000d6280000)
  from space 1024K, 98% used [0x00000000d6500000,0x00000000d65fc010,0x00000000d6600000)
  to   space 1536K, 0% used [0x00000000d6300000,0x00000000d6300000,0x00000000d6480000)
 ParOldGen       total 68608K, used 56743K [0x0000000080000000, 0x0000000084300000, 0x00000000d5580000)
  object space 68608K, 82% used [0x0000000080000000,0x0000000083769c08,0x0000000084300000)
 Metaspace       used 77907K, committed 79552K, reserved 1179648K
  class space    used 8351K, committed 9088K, reserved 1048576K
}
Event: 308.964 GC heap before
{Heap before GC invocations=52 (full 3):
 PSYoungGen      total 14336K, used 14320K [0x00000000d5580000, 0x00000000d6600000, 0x0000000100000000)
  eden space 13312K, 100% used [0x00000000d5580000,0x00000000d6280000,0x00000000d6280000)
  from space 1024K, 98% used [0x00000000d6500000,0x00000000d65fc010,0x00000000d6600000)
  to   space 1536K, 0% used [0x00000000d6300000,0x00000000d6300000,0x00000000d6480000)
 ParOldGen       total 68608K, used 56743K [0x0000000080000000, 0x0000000084300000, 0x00000000d5580000)
  object space 68608K, 82% used [0x0000000080000000,0x0000000083769c08,0x0000000084300000)
 Metaspace       used 78061K, committed 79680K, reserved 1179648K
  class space    used 8355K, committed 9088K, reserved 1048576K
}
Event: 308.965 GC heap after
{Heap after GC invocations=52 (full 3):
 PSYoungGen      total 14336K, used 1024K [0x00000000d5580000, 0x00000000d6580000, 0x0000000100000000)
  eden space 13312K, 0% used [0x00000000d5580000,0x00000000d5580000,0x00000000d6280000)
  from space 1024K, 100% used [0x00000000d6300000,0x00000000d6400000,0x00000000d6400000)
  to   space 1536K, 0% used [0x00000000d6400000,0x00000000d6400000,0x00000000d6580000)
 ParOldGen       total 68608K, used 57271K [0x0000000080000000, 0x0000000084300000, 0x00000000d5580000)
  object space 68608K, 83% used [0x0000000080000000,0x00000000837edd10,0x0000000084300000)
 Metaspace       used 78061K, committed 79680K, reserved 1179648K
  class space    used 8355K, committed 9088K, reserved 1048576K
}

